-------------------------------------------------------------------------------->8
[2025-06-12T14:10:03.791894839Z][docker-desktop-user-distro] syncContextStores <HOME>/.docker/contexts <-> /mnt/c/Users/danie/.docker/contexts
[2025-06-12T14:10:03.795385057Z][docker-desktop-user-distro] syncContextStores <HOME>/.docker/contexts <-> /mnt/c/Users/danie/.docker/contexts os.Symlink <HOME>/.docker/contexts -> /mnt/c/Users/danie/.docker/contexts
-------------------------------------------------------------------------------->8
[2025-06-12T14:10:04.097057295Z][docker-desktop-user-distro] linkPathToWindows windowsPath = /mnt/c/Users/danie/.aws, linkPath = <HOME>/.aws
[2025-06-12T14:10:04.098896838Z][docker-desktop-user-distro] no need to symlink <HOME>/.aws to /mnt/c/Users/danie/.aws: they are the same path already
-------------------------------------------------------------------------------->8
[2025-06-12T14:10:04.396035860Z][docker-desktop-user-distro] linkPathToWindows windowsPath = /mnt/c/Users/danie/.azure, linkPath = <HOME>/.azure
[2025-06-12T14:10:04.398023676Z][docker-desktop-user-distro] no need to symlink <HOME>/.azure to /mnt/c/Users/danie/.azure: they are the same path already
-------------------------------------------------------------------------------->8
[2025-06-12T14:10:04.638338706Z][docker-desktop-user-distro] linkPathToWindows windowsPath = /mnt/c/Users/danie/.docker/features.json, linkPath = ~/.docker/features.json
-------------------------------------------------------------------------------->8
[2025-06-12T14:11:30.398633750Z][docker-desktop-user-distro] syncContextStores <HOME>/.docker/contexts <-> /mnt/c/Users/danie/.docker/contexts
[2025-06-12T14:11:30.402053204Z][docker-desktop-user-distro] syncContextStores <HOME>/.docker/contexts <-> /mnt/c/Users/danie/.docker/contexts: syncNoop
-------------------------------------------------------------------------------->8
[2025-06-12T14:11:30.629798506Z][docker-desktop-user-distro] linkPathToWindows windowsPath = /mnt/c/Users/danie/.aws, linkPath = <HOME>/.aws
[2025-06-12T14:11:30.632025285Z][docker-desktop-user-distro] no need to symlink <HOME>/.aws to /mnt/c/Users/danie/.aws: they are the same path already
-------------------------------------------------------------------------------->8
[2025-06-12T14:11:30.860880346Z][docker-desktop-user-distro] linkPathToWindows windowsPath = /mnt/c/Users/danie/.azure, linkPath = <HOME>/.azure
[2025-06-12T14:11:30.862305641Z][docker-desktop-user-distro] no need to symlink <HOME>/.azure to /mnt/c/Users/danie/.azure: they are the same path already
-------------------------------------------------------------------------------->8
[2025-06-12T14:11:31.125851122Z][docker-desktop-user-distro] linkPathToWindows windowsPath = /mnt/c/Users/danie/.docker/features.json, linkPath = ~/.docker/features.json
-------------------------------------------------------------------------------->8
[2025-06-12T14:13:41.237103884Z][docker-desktop-user-distro] syncContextStores <HOME>/.docker/contexts <-> /mnt/c/Users/danie/.docker/contexts
[2025-06-12T14:13:41.240530170Z][docker-desktop-user-distro] syncContextStores <HOME>/.docker/contexts <-> /mnt/c/Users/danie/.docker/contexts: syncNoop
-------------------------------------------------------------------------------->8
[2025-06-12T14:13:41.537261054Z][docker-desktop-user-distro] linkPathToWindows windowsPath = /mnt/c/Users/danie/.aws, linkPath = <HOME>/.aws
[2025-06-12T14:13:41.539309925Z][docker-desktop-user-distro] no need to symlink <HOME>/.aws to /mnt/c/Users/danie/.aws: they are the same path already
-------------------------------------------------------------------------------->8
[2025-06-12T14:13:41.812040245Z][docker-desktop-user-distro] linkPathToWindows windowsPath = /mnt/c/Users/danie/.azure, linkPath = <HOME>/.azure
[2025-06-12T14:13:41.813672729Z][docker-desktop-user-distro] no need to symlink <HOME>/.azure to /mnt/c/Users/danie/.azure: they are the same path already
-------------------------------------------------------------------------------->8
[2025-06-12T14:13:42.115912930Z][docker-desktop-user-distro] linkPathToWindows windowsPath = /mnt/c/Users/danie/.docker/features.json, linkPath = ~/.docker/features.json
-------------------------------------------------------------------------------->8
[2025-06-12T14:15:01.570918195Z][docker-desktop-user-distro] syncContextStores <HOME>/.docker/contexts <-> /mnt/c/Users/danie/.docker/contexts
[2025-06-12T14:15:01.574125802Z][docker-desktop-user-distro] syncContextStores <HOME>/.docker/contexts <-> /mnt/c/Users/danie/.docker/contexts: syncNoop
-------------------------------------------------------------------------------->8
[2025-06-12T14:15:01.827918766Z][docker-desktop-user-distro] linkPathToWindows windowsPath = /mnt/c/Users/danie/.aws, linkPath = <HOME>/.aws
[2025-06-12T14:15:01.829720225Z][docker-desktop-user-distro] no need to symlink <HOME>/.aws to /mnt/c/Users/danie/.aws: they are the same path already
-------------------------------------------------------------------------------->8
[2025-06-12T14:15:02.093555011Z][docker-desktop-user-distro] linkPathToWindows windowsPath = /mnt/c/Users/danie/.azure, linkPath = <HOME>/.azure
[2025-06-12T14:15:02.095031158Z][docker-desktop-user-distro] no need to symlink <HOME>/.azure to /mnt/c/Users/danie/.azure: they are the same path already
-------------------------------------------------------------------------------->8
[2025-06-12T14:15:02.322971830Z][docker-desktop-user-distro] linkPathToWindows windowsPath = /mnt/c/Users/danie/.docker/features.json, linkPath = ~/.docker/features.json
-------------------------------------------------------------------------------->8
[2025-06-12T14:19:36.030221767Z][docker-desktop-user-distro] syncContextStores <HOME>/.docker/contexts <-> /mnt/c/Users/danie/.docker/contexts
[2025-06-12T14:19:36.036164094Z][docker-desktop-user-distro] syncContextStores <HOME>/.docker/contexts <-> /mnt/c/Users/danie/.docker/contexts: syncNoop
-------------------------------------------------------------------------------->8
[2025-06-12T14:19:36.492948839Z][docker-desktop-user-distro] linkPathToWindows windowsPath = /mnt/c/Users/danie/.aws, linkPath = <HOME>/.aws
[2025-06-12T14:19:36.498107325Z][docker-desktop-user-distro] no need to symlink <HOME>/.aws to /mnt/c/Users/danie/.aws: they are the same path already
-------------------------------------------------------------------------------->8
[2025-06-12T14:19:36.956204244Z][docker-desktop-user-distro] linkPathToWindows windowsPath = /mnt/c/Users/danie/.azure, linkPath = <HOME>/.azure
[2025-06-12T14:19:36.958030856Z][docker-desktop-user-distro] no need to symlink <HOME>/.azure to /mnt/c/Users/danie/.azure: they are the same path already
-------------------------------------------------------------------------------->8
[2025-06-12T14:19:37.300073343Z][docker-desktop-user-distro] linkPathToWindows windowsPath = /mnt/c/Users/danie/.docker/features.json, linkPath = ~/.docker/features.json
-------------------------------------------------------------------------------->8
[2025-06-12T14:25:13.912685520Z][docker-desktop-user-distro] syncContextStores <HOME>/.docker/contexts <-> /mnt/c/Users/danie/.docker/contexts
[2025-06-12T14:25:13.921394970Z][docker-desktop-user-distro] syncContextStores <HOME>/.docker/contexts <-> /mnt/c/Users/danie/.docker/contexts: syncNoop
-------------------------------------------------------------------------------->8
[2025-06-12T14:25:14.376080757Z][docker-desktop-user-distro] linkPathToWindows windowsPath = /mnt/c/Users/danie/.aws, linkPath = <HOME>/.aws
[2025-06-12T14:25:14.378912933Z][docker-desktop-user-distro] no need to symlink <HOME>/.aws to /mnt/c/Users/danie/.aws: they are the same path already
-------------------------------------------------------------------------------->8
[2025-06-12T14:25:14.916431793Z][docker-desktop-user-distro] linkPathToWindows windowsPath = /mnt/c/Users/danie/.azure, linkPath = <HOME>/.azure
[2025-06-12T14:25:14.932915566Z][docker-desktop-user-distro] no need to symlink <HOME>/.azure to /mnt/c/Users/danie/.azure: they are the same path already
-------------------------------------------------------------------------------->8
[2025-06-12T14:25:15.727877467Z][docker-desktop-user-distro] linkPathToWindows windowsPath = /mnt/c/Users/danie/.docker/features.json, linkPath = ~/.docker/features.json
